13:40:26 **** Incremental Build of configuration Debug for project PS_4 ****
make all 
Building file: ../src/problem2.cpp
Invoking: GCC C++ Compiler
g++ -O0 -g3 -Wall -c -fmessage-length=0 -MMD -MP -MF"src/problem2.d" -MT"src/problem2.d" -o "src/problem2.o" "../src/problem2.cpp"
Finished building: ../src/problem2.cpp
 
Building target: PS_4
Invoking: GCC C++ Linker
g++  -o "PS_4"  ./src/PS_4.o ./src/problem1.o ./src/problem2.o   
Finished building target: PS_4
 
13:40:33 **** Incremental Build of configuration Debug for project PS_4 ****
make all 
Building file: ../src/problem1.cpp
Invoking: GCC C++ Compiler
g++ -O0 -g3 -Wall -c -fmessage-length=0 -MMD -MP -MF"src/problem1.d" -MT"src/problem1.d" -o "src/problem1.o" "../src/problem1.cpp"
Finished building: ../src/problem1.cpp
 
Building target: PS_4
Invoking: GCC C++ Linker
g++  -o "PS_4"  ./src/PS_4.o ./src/problem1.o ./src/problem2.o   
Finished building target: PS_4
 
13:59:40 **** Incremental Build of configuration Debug for project PS_4 ****
make all 
make: Nothing to be done for `all'.
